2023-02-25 03:08:29 (success) release
2023-02-25 03:08:29 (success) _looped_task
2023-02-25 03:08:29 (success) _ask_confirmation
2023-02-25 03:08:11 (startup) _ask_confirmation
2023-02-25 03:08:11 (success) upload2pypi
2023-02-25 03:07:41 (startup) upload2pypi
2023-02-25 03:07:41 (success) _ask_confirmation
2023-02-25 03:07:16 (startup) _ask_confirmation
2023-02-25 03:07:16 (success) upload2pypi
2023-02-25 03:06:46 (startup) upload2pypi
2023-02-25 03:06:46 (startup) _looped_task
2023-02-25 03:06:46 (success) _looped_task
2023-02-25 03:06:46 (success) gitpush
2023-02-25 03:06:18 (startup) gitpush
2023-02-25 03:06:18 (success) _ask_confirmation
2023-02-25 03:05:48 (startup) _ask_confirmation
2023-02-25 03:05:48 (success) gitpush
2023-02-25 03:05:18 (startup) gitpush
2023-02-25 03:05:18 (startup) _looped_task
2023-02-25 03:05:18 (success) gitcommit
2023-02-25 03:05:18 (startup) gitcommit
2023-02-25 03:05:18 (success) build
2023-02-25 03:05:16 (startup) build
2023-02-25 03:05:16 (success) gitcommit
2023-02-25 03:05:16 (startup) gitcommit
2023-02-25 03:05:16 (success) gendoc
2023-02-25 03:05:14 (startup) gendoc
2023-02-25 03:05:14 (startup) release
2023-02-25 03:04:33 (success) gitinit
2023-02-25 03:04:25 (startup) gitinit
